<?xml version="1.0" encoding="UTF-8"?>
<!-- Generated by org.testng.reporters.JUnitXMLReporter -->
<testsuite ignored="0" hostname="DESKTOP-LBTBNFA" failures="1" tests="2" name="Testing Parameterization" time="42.642" errors="0" timestamp="2021-12-28T11:43:47 IST">
  <testcase classname="com.frontierX.TestScripts.DownloadFIT" name="downloadFIT" time="39.755">
    <failure type="java.lang.AssertionError" message="FIT File option is unavailable to download for admin user">
      <![CDATA[java.lang.AssertionError: FIT File option is unavailable to download for admin user
at com.frontierX.TestScripts.DownloadFIT.downloadFIT(DownloadFIT.java:76)
at java.base/java.util.concurrent.ThreadPoolExecutor.runWorker(ThreadPoolExecutor.java:1136)
at java.base/java.util.concurrent.ThreadPoolExecutor$Worker.run(ThreadPoolExecutor.java:635)
at java.base/java.lang.Thread.run(Thread.java:833)
... Removed 13 stack frames]]>
    </failure>
  </testcase> <!-- downloadFIT -->
  <testcase classname="com.frontierX.TestScripts.DeleteActivity" name="deleteActivity" time="42.616"/>
</testsuite> <!-- Testing Parameterization -->
