<?xml version="1.0" encoding="UTF-8"?>
<!-- Generated by org.testng.reporters.JUnitXMLReporter -->
<testsuite ignored="0" hostname="DESKTOP-LBTBNFA" failures="0" tests="7" name="Smoke Tests - User Prespective" time="185.27" errors="0" timestamp="2022-01-10T15:31:50 IST">
  <testcase classname="com.frontierX.TestScripts.DeleteActivity" name="deleteActivity" time="55.656"/>
  <testcase classname="com.frontierX.TestScripts.VerifyEditActivity" name="VerifyEditedActivity" time="30.73"/>
  <testcase classname="com.frontierX.TestScripts.VerifyECGSync" name="ECGSync" time="16.367"/>
  <testcase classname="com.frontierX.TestScripts.ActivitySync" name="VerifyActivitySync" time="16.368"/>
  <testcase classname="com.frontierX.TestScripts.TestHomePageActions" name="testHomePageActions" time="28.575"/>
  <testcase classname="com.frontierX.TestScripts.TrainingLoad" name="VerifyTrainingLoad" time="22.264"/>
  <testcase classname="com.frontierX.TestScripts.UserType" name="testHomePageActions" time="15.251"/>
</testsuite> <!-- Smoke Tests - User Prespective -->
