<?xml version="1.0" encoding="UTF-8"?>
<!-- Generated by org.testng.reporters.JUnitXMLReporter -->
<testsuite ignored="0" hostname="LAPTOP-A8R11QPA" failures="0" tests="2" name="Test1" time="106.039" errors="0" timestamp="2021-12-21T12:22:42 IST">
  <testcase classname="com.frontierX.Utilities.SendAttachmentInEmail" name="@AfterTest SendMail" time="1.95">
    <failure type="java.lang.RuntimeException" message="javax.mail.MessagingException: Could not convert socket to TLS;
  nested exception is:
	javax.net.ssl.SSLHandshakeException: No appropriate protocol (protocol is disabled or cipher suites are inappropriate)">
      <![CDATA[java.lang.RuntimeException: javax.mail.MessagingException: Could not convert socket to TLS;
  nested exception is:
javax.net.ssl.SSLHandshakeException: No appropriate protocol (protocol is disabled or cipher suites are inappropriate)
at com.frontierX.Utilities.SendAttachmentInEmail.SendMail(SendAttachmentInEmail.java:96)
Caused by: javax.mail.MessagingException: Could not convert socket to TLS;
  nested exception is:
javax.net.ssl.SSLHandshakeException: No appropriate protocol (protocol is disabled or cipher suites are inappropriate)
at com.sun.mail.smtp.SMTPTransport.startTLS(SMTPTransport.java:1907)
at com.sun.mail.smtp.SMTPTransport.protocolConnect(SMTPTransport.java:666)
at javax.mail.Service.connect(Service.java:317)
at javax.mail.Service.connect(Service.java:176)
at javax.mail.Service.connect(Service.java:125)
at javax.mail.Transport.send0(Transport.java:194)
at javax.mail.Transport.send(Transport.java:124)
at com.frontierX.Utilities.SendAttachmentInEmail.SendMail(SendAttachmentInEmail.java:91)
... 24 more
Caused by: javax.net.ssl.SSLHandshakeException: No appropriate protocol (protocol is disabled or cipher suites are inappropriate)
at java.base/sun.security.ssl.HandshakeContext.<init>(HandshakeContext.java:172)
at java.base/sun.security.ssl.ClientHandshakeContext.<init>(ClientHandshakeContext.java:103)
at java.base/sun.security.ssl.TransportContext.kickstart(TransportContext.java:239)
at java.base/sun.security.ssl.SSLSocketImpl.startHandshake(SSLSocketImpl.java:443)
at java.base/sun.security.ssl.SSLSocketImpl.startHandshake(SSLSocketImpl.java:421)
at com.sun.mail.util.SocketFetcher.configureSSLSocket(SocketFetcher.java:549)
at com.sun.mail.util.SocketFetcher.startTLS(SocketFetcher.java:486)
at com.sun.mail.smtp.SMTPTransport.startTLS(SMTPTransport.java:1902)
... 31 more
... Removed 24 stack frames]]>
    </failure>
  </testcase> <!-- @AfterTest SendMail -->
  <testcase classname="com.frontierX.TestScripts.DeleteActivity" name="deleteActivity" time="78.419"/>
  <testcase classname="com.frontierX.TestScripts.DownloadCSV" name="downloadCSV" time="25.642"/>
</testsuite> <!-- Test1 -->
