<?xml version="1.0" encoding="UTF-8"?>
<!-- Generated by org.testng.reporters.JUnitXMLReporter -->
<testsuite ignored="0" hostname="DESKTOP-LBTBNFA" failures="5" tests="12" name="Smoke Tests - Doctor Prespective" time="329.888" errors="0" timestamp="2021-12-28T13:24:36 IST">
  <testcase classname="com.frontierX.TestScripts.DeleteActivity" name="deleteActivity" time="41.834"/>
  <testcase classname="com.frontierX.TestScripts.DownloadCSV" name="downloadCSV" time="39.018">
    <failure type="java.lang.AssertionError" message="CSV File option is unavailable to download for doctor user">
      <![CDATA[java.lang.AssertionError: CSV File option is unavailable to download for doctor user
at com.frontierX.TestScripts.DownloadCSV.downloadCSV(DownloadCSV.java:78)
at java.base/java.util.ArrayList.forEach(ArrayList.java:1511)
... Removed 29 stack frames]]>
    </failure>
  </testcase> <!-- downloadCSV -->
  <testcase classname="com.frontierX.TestScripts.DownloadFIT" name="downloadFIT" time="18.993"/>
  <testcase classname="com.frontierX.TestScripts.DownloadZIP" name="downloadZIP" time="39.055">
    <failure type="java.lang.AssertionError" message="ZIP File option is unavailable to download for doctor user">
      <![CDATA[java.lang.AssertionError: ZIP File option is unavailable to download for doctor user
at com.frontierX.TestScripts.DownloadZIP.downloadZIP(DownloadZIP.java:80)
at java.base/java.util.ArrayList.forEach(ArrayList.java:1511)
... Removed 29 stack frames]]>
    </failure>
  </testcase> <!-- downloadZIP -->
  <testcase classname="com.frontierX.TestScripts.EditActivity" name="editActivity" time="38.835">
    <failure type="java.lang.AssertionError" message="Activity not present in order to edit">
      <![CDATA[java.lang.AssertionError: Activity not present in order to edit
at com.frontierX.TestScripts.EditActivity.editActivity(EditActivity.java:89)
at java.base/java.util.ArrayList.forEach(ArrayList.java:1511)
... Removed 29 stack frames]]>
    </failure>
  </testcase> <!-- editActivity -->
  <testcase classname="com.frontierX.TestScripts.GenerateECGPDF" name="generateECGPDF" time="35.267">
    <failure type="java.lang.AssertionError" message="Generate ECG PDF option is unavailable for doctor user">
      <![CDATA[java.lang.AssertionError: Generate ECG PDF option is unavailable for doctor user
at com.frontierX.TestScripts.GenerateECGPDF.generateECGPDF(GenerateECGPDF.java:80)
at java.base/java.util.ArrayList.forEach(ArrayList.java:1511)
... Removed 29 stack frames]]>
    </failure>
  </testcase> <!-- generateECGPDF -->
  <testcase classname="com.frontierX.TestScripts.LiveECGs" name="liveECG" time="24.176">
    <failure type="java.lang.AssertionError" message="Live ECGs is not authorised for doctor user">
      <![CDATA[java.lang.AssertionError: Live ECGs is not authorised for doctor user
at com.frontierX.TestScripts.LiveECGs.liveECG(LiveECGs.java:78)
at java.base/java.util.ArrayList.forEach(ArrayList.java:1511)
... Removed 29 stack frames]]>
    </failure>
  </testcase> <!-- liveECG -->
  <testcase classname="com.frontierX.TestScripts.LiveUserDashboard" name="liveUserDashboard" time="18.569"/>
  <testcase classname="com.frontierX.TestScripts.TestHomePageActions" name="testHomePageActions" time="22.083"/>
  <testcase classname="com.frontierX.TestScripts.TrainingLoad" name="trainingLoad" time="20.863"/>
  <testcase classname="com.frontierX.TestScripts.UserType" name="testHomePageActions" time="15.118"/>
  <testcase classname="com.frontierX.TestScripts.ValidInvalidLoginCreds" name="loginCredentials" time="16.053"/>
</testsuite> <!-- Smoke Tests - Doctor Prespective -->
