<?xml version="1.0" encoding="UTF-8"?>
<testng-results ignored="0" total="1" passed="0" failed="1" skipped="0">
  <reporter-output>
  </reporter-output>
  <suite started-at="2022-07-05T14:25:33 IST" name="TestNG Reports" finished-at="2022-07-05T14:25:55 IST" duration-ms="22253">
    <groups>
    </groups>
    <test started-at="2022-07-05T14:25:33 IST" name="Single Test Suite" finished-at="2022-07-05T14:25:55 IST" duration-ms="22253">
      <class name="com.frontierX.TestScripts.PlayArea">
        <test-method is-config="true" signature="SetEvidenceDir()[pri:0, instance:com.frontierX.TestScripts.PlayArea@7857fe2]" started-at="2022-07-05T14:25:33 IST" name="SetEvidenceDir" finished-at="2022-07-05T14:25:33 IST" duration-ms="8" status="PASS">
          <reporter-output>
          </reporter-output>
        </test-method> <!-- SetEvidenceDir -->
        <test-method is-config="true" signature="Initialize(java.lang.String)[pri:0, instance:com.frontierX.TestScripts.PlayArea@7857fe2]" started-at="2022-07-05T14:25:33 IST" name="Initialize" finished-at="2022-07-05T14:25:42 IST" duration-ms="9180" status="PASS">
          <params>
            <param index="0">
              <value>
                <![CDATA[prod]]>
              </value>
            </param>
          </params>
          <reporter-output>
          </reporter-output>
        </test-method> <!-- Initialize -->
        <test-method signature="VerifyHealthEntryAddedAndDeleted()[pri:0, instance:com.frontierX.TestScripts.PlayArea@7857fe2]" started-at="2022-07-05T14:25:42 IST" name="VerifyHealthEntryAddedAndDeleted" description="Purpose of this test is to Verify that User Can Add Health Tag and Verifies if its displayed on Web App and Delete the same" finished-at="2022-07-05T14:25:54 IST" duration-ms="12676" status="FAIL">
          <exception class="java.lang.AssertionError">
            <message>
              <![CDATA[Health Tag is Added  expected [true] but found [false]]]>
            </message>
            <full-stacktrace>
              <![CDATA[java.lang.AssertionError: Health Tag is Added  expected [true] but found [false]
at org.testng.Assert.fail(Assert.java:99)
at org.testng.Assert.failNotEquals(Assert.java:1037)
at org.testng.Assert.assertTrue(Assert.java:45)
at com.frontierX.PageLibRepo.HomePageLib.VerifyHealthTagIsDisplayed(HomePageLib.java:536)
at com.frontierX.TestScripts.PlayArea.VerifyHealthEntryAddedAndDeleted(PlayArea.java:69)
at java.base/jdk.internal.reflect.NativeMethodAccessorImpl.invoke0(Native Method)
at java.base/jdk.internal.reflect.NativeMethodAccessorImpl.invoke(NativeMethodAccessorImpl.java:77)
at java.base/jdk.internal.reflect.DelegatingMethodAccessorImpl.invoke(DelegatingMethodAccessorImpl.java:43)
at java.base/java.lang.reflect.Method.invoke(Method.java:568)
at org.testng.internal.MethodInvocationHelper.invokeMethod(MethodInvocationHelper.java:133)
at org.testng.internal.TestInvoker.invokeMethod(TestInvoker.java:598)
at org.testng.internal.TestInvoker.invokeTestMethod(TestInvoker.java:173)
at org.testng.internal.MethodRunner.runInSequence(MethodRunner.java:46)
at org.testng.internal.TestInvoker$MethodInvocationAgent.invoke(TestInvoker.java:824)
at org.testng.internal.TestInvoker.invokeTestMethods(TestInvoker.java:146)
at org.testng.internal.TestMethodWorker.invokeTestMethods(TestMethodWorker.java:146)
at org.testng.internal.TestMethodWorker.run(TestMethodWorker.java:128)
at java.base/java.util.concurrent.ThreadPoolExecutor.runWorker(ThreadPoolExecutor.java:1136)
at java.base/java.util.concurrent.ThreadPoolExecutor$Worker.run(ThreadPoolExecutor.java:635)
at java.base/java.lang.Thread.run(Thread.java:833)
]]>
            </full-stacktrace>
          </exception> <!-- java.lang.AssertionError -->
          <reporter-output>
          </reporter-output>
        </test-method> <!-- VerifyHealthEntryAddedAndDeleted -->
        <test-method is-config="true" signature="CloseDriverSession(org.testng.ITestResult)[pri:0, instance:com.frontierX.TestScripts.PlayArea@7857fe2]" started-at="2022-07-05T14:25:54 IST" name="CloseDriverSession" finished-at="2022-07-05T14:25:55 IST" duration-ms="359" status="PASS">
          <params>
            <param index="0">
              <value>
                <![CDATA[[TestResult name=VerifyHealthEntryAddedAndDeleted status=FAILURE method=PlayArea.VerifyHealthEntryAddedAndDeleted()[pri:0, instance:com.frontierX.TestScripts.PlayArea@7857fe2] output={null}]]]>
              </value>
            </param>
          </params>
          <reporter-output>
          </reporter-output>
        </test-method> <!-- CloseDriverSession -->
      </class> <!-- com.frontierX.TestScripts.PlayArea -->
    </test> <!-- Single Test Suite -->
  </suite> <!-- TestNG Reports -->
</testng-results>
