<?xml version="1.0" encoding="UTF-8"?>
<testng-results ignored="0" total="1" passed="1" failed="0" skipped="0">
  <reporter-output>
  </reporter-output>
  <suite started-at="2022-07-13T10:41:03 IST" name="TestNG Reports" finished-at="2022-07-13T10:42:05 IST" duration-ms="62597">
    <groups>
    </groups>
    <test started-at="2022-07-13T10:41:03 IST" name="Single Test Suite" finished-at="2022-07-13T10:42:05 IST" duration-ms="62597">
      <class name="com.frontierX.TestScripts.PlayArea">
        <test-method is-config="true" signature="SetEvidenceDir()[pri:0, instance:com.frontierX.TestScripts.PlayArea@1be2019a]" started-at="2022-07-13T10:41:03 IST" name="SetEvidenceDir" finished-at="2022-07-13T10:41:15 IST" duration-ms="11773" status="PASS">
          <reporter-output>
          </reporter-output>
        </test-method> <!-- SetEvidenceDir -->
        <test-method is-config="true" signature="Initialize(java.lang.String)[pri:0, instance:com.frontierX.TestScripts.PlayArea@1be2019a]" started-at="2022-07-13T10:41:15 IST" name="Initialize" finished-at="2022-07-13T10:42:05 IST" duration-ms="50393" status="PASS">
          <params>
            <param index="0">
              <value>
                <![CDATA[prod]]>
              </value>
            </param>
          </params>
          <reporter-output>
          </reporter-output>
        </test-method> <!-- Initialize -->
        <test-method signature="VerifyHealthEntryAddedAndDeleted()[pri:0, instance:com.frontierX.TestScripts.PlayArea@1be2019a]" started-at="2022-07-13T10:42:05 IST" name="VerifyHealthEntryAddedAndDeleted" description="Purpose of this test is to Verify that User Can Add Health Tag and Verifies if its displayed on Web App and Delete the same" finished-at="2022-07-13T10:42:05 IST" duration-ms="10" status="PASS">
          <reporter-output>
          </reporter-output>
        </test-method> <!-- VerifyHealthEntryAddedAndDeleted -->
        <test-method is-config="true" signature="CloseDriverSession(org.testng.ITestResult)[pri:0, instance:com.frontierX.TestScripts.PlayArea@1be2019a]" started-at="2022-07-13T10:42:05 IST" name="CloseDriverSession" finished-at="2022-07-13T10:42:05 IST" duration-ms="377" status="PASS">
          <params>
            <param index="0">
              <value>
                <![CDATA[[TestResult name=VerifyHealthEntryAddedAndDeleted status=SUCCESS method=PlayArea.VerifyHealthEntryAddedAndDeleted()[pri:0, instance:com.frontierX.TestScripts.PlayArea@1be2019a] output={null}]]]>
              </value>
            </param>
          </params>
          <reporter-output>
          </reporter-output>
        </test-method> <!-- CloseDriverSession -->
      </class> <!-- com.frontierX.TestScripts.PlayArea -->
    </test> <!-- Single Test Suite -->
  </suite> <!-- TestNG Reports -->
</testng-results>
