<?xml version="1.0" encoding="UTF-8"?>
<!-- Generated by org.testng.reporters.JUnitXMLReporter -->
<testsuite ignored="0" hostname="DESKTOP-LBTBNFA" failures="1" tests="1" name="Smoke Tests - Admin Prespective" time="4.281" errors="0" timestamp="2021-12-27T15:35:00 IST">
  <testcase classname="com.frontierX.TestScripts.DeleteActivity" name="deleteActivity" time="4.252">
    <failure type="java.lang.NoSuchMethodError" message="&amp;apos;void org.openqa.selenium.support.PageFactory.initElements(org.openqa.selenium.SearchContext, java.lang.Object)&amp;apos;">
      <![CDATA[java.lang.NoSuchMethodError: 'void org.openqa.selenium.support.PageFactory.initElements(org.openqa.selenium.SearchContext, java.lang.Object)'
at com.frontierX.PageObjectRepo.BasePage.<init>(BasePage.java:14)
at com.frontierX.PageObjectRepo.LoginPage.<init>(LoginPage.java:28)
at com.frontierX.TestScripts.DeleteActivity.deleteActivity(DeleteActivity.java:50)
at java.base/java.util.ArrayList.forEach(ArrayList.java:1511)
... Removed 27 stack frames]]>
    </failure>
  </testcase> <!-- deleteActivity -->
</testsuite> <!-- Smoke Tests - Admin Prespective -->
