<?xml version="1.0" encoding="UTF-8"?>
<!-- Generated by org.testng.reporters.JUnitXMLReporter -->
<testsuite ignored="0" hostname="LAPTOP-A8R11QPA" failures="4" tests="12" name="Smoke Tests" time="727.323" errors="0" timestamp="2021-12-22T14:26:51 IST">
  <testcase classname="com.frontierX.TestScripts.DeleteActivity" name="deleteActivity" time="44.166"/>
  <testcase classname="com.frontierX.TestScripts.DownloadCSV" name="downloadCSV" time="16.16"/>
  <testcase classname="com.frontierX.TestScripts.DownloadFIT" name="downloadFIT" time="42.723">
    <failure type="java.lang.AssertionError" message="FIT File option is unavailable to download for admin user">
      <![CDATA[java.lang.AssertionError: FIT File option is unavailable to download for admin user
at com.frontierX.TestScripts.DownloadFIT.downloadFIT(DownloadFIT.java:76)
at java.base/java.util.ArrayList.forEach(ArrayList.java:1511)
... Removed 28 stack frames]]>
    </failure>
  </testcase> <!-- downloadFIT -->
  <testcase classname="com.frontierX.TestScripts.DownloadZIP" name="downloadZIP" time="20.812"/>
  <testcase classname="com.frontierX.TestScripts.EditActivity" name="editActivity" time="40.681">
    <failure type="java.lang.AssertionError" message="Activity not present in order to edit">
      <![CDATA[java.lang.AssertionError: Activity not present in order to edit
at com.frontierX.TestScripts.EditActivity.editActivity(EditActivity.java:89)
at java.base/java.util.ArrayList.forEach(ArrayList.java:1511)
... Removed 28 stack frames]]>
    </failure>
  </testcase> <!-- editActivity -->
  <testcase classname="com.frontierX.TestScripts.GenerateECGPDF" name="generateECGPDF" time="36.609">
    <failure type="java.lang.AssertionError" message="Generate ECG PDF option is unavailable for admin user">
      <![CDATA[java.lang.AssertionError: Generate ECG PDF option is unavailable for admin user
at com.frontierX.TestScripts.GenerateECGPDF.generateECGPDF(GenerateECGPDF.java:80)
at java.base/java.util.ArrayList.forEach(ArrayList.java:1511)
... Removed 28 stack frames]]>
    </failure>
  </testcase> <!-- generateECGPDF -->
  <testcase classname="com.frontierX.TestScripts.LiveECGs" name="liveECG" time="25.022">
    <failure type="java.lang.AssertionError" message="Live ECGs is not authorised for admin user">
      <![CDATA[java.lang.AssertionError: Live ECGs is not authorised for admin user
at com.frontierX.TestScripts.LiveECGs.liveECG(LiveECGs.java:77)
at java.base/java.util.ArrayList.forEach(ArrayList.java:1511)
... Removed 28 stack frames]]>
    </failure>
  </testcase> <!-- liveECG -->
  <testcase classname="com.frontierX.TestScripts.LiveUserDashboard" name="liveUserDashboard" time="19.413"/>
  <testcase classname="com.frontierX.TestScripts.TestHomePageActions" name="testHomePageActions" time="22.696"/>
  <testcase classname="com.frontierX.TestScripts.TrainingLoad" name="trainingLoad" time="21.821"/>
  <testcase classname="com.frontierX.TestScripts.UserType" name="testHomePageActions" time="15.292"/>
  <testcase classname="com.frontierX.TestScripts.ValidInvalidLoginCreds" name="loginCredentials" time="421.878"/>
</testsuite> <!-- Smoke Tests -->
