<?xml version="1.0" encoding="UTF-8"?>
<!-- Generated by org.testng.reporters.JUnitXMLReporter -->
<testsuite ignored="0" hostname="DESKTOP-LBTBNFA" failures="6" tests="12" name="Smoke Tests - User Prespective" time="335.581" errors="0" timestamp="2021-12-28T13:14:07 IST">
  <testcase classname="com.frontierX.TestScripts.DeleteActivity" name="deleteActivity" time="42.438"/>
  <testcase classname="com.frontierX.TestScripts.DownloadCSV" name="downloadCSV" time="38.957">
    <failure type="java.lang.AssertionError" message="CSV File option is unavailable to download for user user">
      <![CDATA[java.lang.AssertionError: CSV File option is unavailable to download for user user
at com.frontierX.TestScripts.DownloadCSV.downloadCSV(DownloadCSV.java:78)
at java.base/java.util.ArrayList.forEach(ArrayList.java:1511)
... Removed 29 stack frames]]>
    </failure>
  </testcase> <!-- downloadCSV -->
  <testcase classname="com.frontierX.TestScripts.DownloadFIT" name="downloadFIT" time="18.716"/>
  <testcase classname="com.frontierX.TestScripts.DownloadZIP" name="downloadZIP" time="38.921">
    <failure type="java.lang.AssertionError" message="ZIP File option is unavailable to download for user user">
      <![CDATA[java.lang.AssertionError: ZIP File option is unavailable to download for user user
at com.frontierX.TestScripts.DownloadZIP.downloadZIP(DownloadZIP.java:80)
at java.base/java.util.ArrayList.forEach(ArrayList.java:1511)
... Removed 29 stack frames]]>
    </failure>
  </testcase> <!-- downloadZIP -->
  <testcase classname="com.frontierX.TestScripts.EditActivity" name="editActivity" time="39.11">
    <failure type="java.lang.AssertionError" message="Activity not present in order to edit">
      <![CDATA[java.lang.AssertionError: Activity not present in order to edit
at com.frontierX.TestScripts.EditActivity.editActivity(EditActivity.java:89)
at java.base/java.util.ArrayList.forEach(ArrayList.java:1511)
... Removed 29 stack frames]]>
    </failure>
  </testcase> <!-- editActivity -->
  <testcase classname="com.frontierX.TestScripts.GenerateECGPDF" name="generateECGPDF" time="35.145">
    <failure type="java.lang.AssertionError" message="Generate ECG PDF option is unavailable for user user">
      <![CDATA[java.lang.AssertionError: Generate ECG PDF option is unavailable for user user
at com.frontierX.TestScripts.GenerateECGPDF.generateECGPDF(GenerateECGPDF.java:80)
at java.base/java.util.ArrayList.forEach(ArrayList.java:1511)
... Removed 29 stack frames]]>
    </failure>
  </testcase> <!-- generateECGPDF -->
  <testcase classname="com.frontierX.TestScripts.LiveECGs" name="liveECG" time="24.083">
    <failure type="java.lang.AssertionError" message="Live ECGs is not authorised for user user">
      <![CDATA[java.lang.AssertionError: Live ECGs is not authorised for user user
at com.frontierX.TestScripts.LiveECGs.liveECG(LiveECGs.java:78)
at java.base/java.util.ArrayList.forEach(ArrayList.java:1511)
... Removed 29 stack frames]]>
    </failure>
  </testcase> <!-- liveECG -->
  <testcase classname="com.frontierX.TestScripts.LiveUserDashboard" name="liveUserDashboard" time="24.089">
    <failure type="java.lang.AssertionError" message="Live User Dashboard is not authorised for user user">
      <![CDATA[java.lang.AssertionError: Live User Dashboard is not authorised for user user
at com.frontierX.TestScripts.LiveUserDashboard.liveUserDashboard(LiveUserDashboard.java:77)
at java.base/java.util.ArrayList.forEach(ArrayList.java:1511)
... Removed 29 stack frames]]>
    </failure>
  </testcase> <!-- liveUserDashboard -->
  <testcase classname="com.frontierX.TestScripts.TestHomePageActions" name="testHomePageActions" time="21.789"/>
  <testcase classname="com.frontierX.TestScripts.TrainingLoad" name="trainingLoad" time="20.905"/>
  <testcase classname="com.frontierX.TestScripts.UserType" name="testHomePageActions" time="15.179"/>
  <testcase classname="com.frontierX.TestScripts.ValidInvalidLoginCreds" name="loginCredentials" time="16.195"/>
</testsuite> <!-- Smoke Tests - User Prespective -->
