<?xml version="1.0" encoding="UTF-8"?>
<!-- Generated by org.testng.reporters.JUnitXMLReporter -->
<testsuite ignored="0" hostname="LAPTOP-A8R11QPA" failures="6" tests="12" name="Smoke Tests - Admin Perspective" time="310.35" errors="0" timestamp="2021-12-22T16:07:17 IST">
  <testcase classname="com.frontierX.TestScripts.DeleteActivity" name="deleteActivity" time="12.918"/>
  <testcase classname="com.frontierX.TestScripts.DownloadCSV" name="downloadCSV" time="40.39">
    <failure type="java.lang.AssertionError" message="CSV File option is unavailable to download for user user">
      <![CDATA[java.lang.AssertionError: CSV File option is unavailable to download for user user
at com.frontierX.TestScripts.DownloadCSV.downloadCSV(DownloadCSV.java:78)
at java.base/java.util.ArrayList.forEach(ArrayList.java:1511)
... Removed 28 stack frames]]>
    </failure>
  </testcase> <!-- downloadCSV -->
  <testcase classname="com.frontierX.TestScripts.DownloadFIT" name="downloadFIT" time="15.822"/>
  <testcase classname="com.frontierX.TestScripts.DownloadZIP" name="downloadZIP" time="41.319">
    <failure type="java.lang.AssertionError" message="ZIP File option is unavailable to download for user user">
      <![CDATA[java.lang.AssertionError: ZIP File option is unavailable to download for user user
at com.frontierX.TestScripts.DownloadZIP.downloadZIP(DownloadZIP.java:80)
at java.base/java.util.ArrayList.forEach(ArrayList.java:1511)
... Removed 28 stack frames]]>
    </failure>
  </testcase> <!-- downloadZIP -->
  <testcase classname="com.frontierX.TestScripts.EditActivity" name="editActivity" time="39.625">
    <failure type="java.lang.AssertionError" message="Activity not present in order to edit">
      <![CDATA[java.lang.AssertionError: Activity not present in order to edit
at com.frontierX.TestScripts.EditActivity.editActivity(EditActivity.java:89)
at java.base/java.util.ArrayList.forEach(ArrayList.java:1511)
... Removed 28 stack frames]]>
    </failure>
  </testcase> <!-- editActivity -->
  <testcase classname="com.frontierX.TestScripts.GenerateECGPDF" name="generateECGPDF" time="35.98">
    <failure type="java.lang.AssertionError" message="Generate ECG PDF option is unavailable for user user">
      <![CDATA[java.lang.AssertionError: Generate ECG PDF option is unavailable for user user
at com.frontierX.TestScripts.GenerateECGPDF.generateECGPDF(GenerateECGPDF.java:80)
at java.base/java.util.ArrayList.forEach(ArrayList.java:1511)
... Removed 28 stack frames]]>
    </failure>
  </testcase> <!-- generateECGPDF -->
  <testcase classname="com.frontierX.TestScripts.LiveECGs" name="liveECG" time="24.681">
    <failure type="java.lang.AssertionError" message="Live ECGs is not authorised for user user">
      <![CDATA[java.lang.AssertionError: Live ECGs is not authorised for user user
at com.frontierX.TestScripts.LiveECGs.liveECG(LiveECGs.java:77)
at java.base/java.util.ArrayList.forEach(ArrayList.java:1511)
... Removed 28 stack frames]]>
    </failure>
  </testcase> <!-- liveECG -->
  <testcase classname="com.frontierX.TestScripts.LiveUserDashboard" name="liveUserDashboard" time="24.101">
    <failure type="java.lang.AssertionError" message="Live User Dashboard is not authorised for user user">
      <![CDATA[java.lang.AssertionError: Live User Dashboard is not authorised for user user
at com.frontierX.TestScripts.LiveUserDashboard.liveUserDashboard(LiveUserDashboard.java:77)
at java.base/java.util.ArrayList.forEach(ArrayList.java:1511)
... Removed 28 stack frames]]>
    </failure>
  </testcase> <!-- liveUserDashboard -->
  <testcase classname="com.frontierX.TestScripts.TestHomePageActions" name="testHomePageActions" time="22.572"/>
  <testcase classname="com.frontierX.TestScripts.TrainingLoad" name="trainingLoad" time="21.307"/>
  <testcase classname="com.frontierX.TestScripts.UserType" name="testHomePageActions" time="15.223"/>
  <testcase classname="com.frontierX.TestScripts.ValidInvalidLoginCreds" name="loginCredentials" time="16.361"/>
</testsuite> <!-- Smoke Tests - Admin Perspective -->
