<?xml version="1.0" encoding="UTF-8"?>
<!-- Generated by org.testng.reporters.JUnitXMLReporter -->
<testsuite ignored="0" hostname="DESKTOP-LBTBNFA" failures="5" tests="12" name="Smoke Tests - Premium user Prespective" time="256.957" errors="0" timestamp="2021-12-28T13:19:06 IST">
  <testcase classname="com.frontierX.TestScripts.DeleteActivity" name="deleteActivity" time="15.485"/>
  <testcase classname="com.frontierX.TestScripts.DownloadCSV" name="downloadCSV" time="18.932"/>
  <testcase classname="com.frontierX.TestScripts.DownloadFIT" name="downloadFIT" time="38.78">
    <failure type="java.lang.AssertionError" message="FIT File option is unavailable to download for premium user">
      <![CDATA[java.lang.AssertionError: FIT File option is unavailable to download for premium user
at com.frontierX.TestScripts.DownloadFIT.downloadFIT(DownloadFIT.java:85)
at java.base/java.util.ArrayList.forEach(ArrayList.java:1511)
... Removed 29 stack frames]]>
    </failure>
  </testcase> <!-- downloadFIT -->
  <testcase classname="com.frontierX.TestScripts.DownloadZIP" name="downloadZIP" time="18.727"/>
  <testcase classname="com.frontierX.TestScripts.EditActivity" name="editActivity" time="8.235">
    <failure type="java.lang.AssertionError" message="Activity not present in order to edit">
      <![CDATA[java.lang.AssertionError: Activity not present in order to edit
at com.frontierX.TestScripts.EditActivity.editActivity(EditActivity.java:89)
at java.base/java.util.ArrayList.forEach(ArrayList.java:1511)
... Removed 29 stack frames]]>
    </failure>
  </testcase> <!-- editActivity -->
  <testcase classname="com.frontierX.TestScripts.GenerateECGPDF" name="generateECGPDF" time="34.726">
    <failure type="java.lang.AssertionError" message="Generate ECG PDF option is unavailable for premium user">
      <![CDATA[java.lang.AssertionError: Generate ECG PDF option is unavailable for premium user
at com.frontierX.TestScripts.GenerateECGPDF.generateECGPDF(GenerateECGPDF.java:80)
at java.base/java.util.ArrayList.forEach(ArrayList.java:1511)
... Removed 29 stack frames]]>
    </failure>
  </testcase> <!-- generateECGPDF -->
  <testcase classname="com.frontierX.TestScripts.LiveECGs" name="liveECG" time="24.171">
    <failure type="java.lang.AssertionError" message="Live ECGs is not authorised for premium user">
      <![CDATA[java.lang.AssertionError: Live ECGs is not authorised for premium user
at com.frontierX.TestScripts.LiveECGs.liveECG(LiveECGs.java:78)
at java.base/java.util.ArrayList.forEach(ArrayList.java:1511)
... Removed 29 stack frames]]>
    </failure>
  </testcase> <!-- liveECG -->
  <testcase classname="com.frontierX.TestScripts.LiveUserDashboard" name="liveUserDashboard" time="24.124">
    <failure type="java.lang.AssertionError" message="Live User Dashboard is not authorised for premium user">
      <![CDATA[java.lang.AssertionError: Live User Dashboard is not authorised for premium user
at com.frontierX.TestScripts.LiveUserDashboard.liveUserDashboard(LiveUserDashboard.java:77)
at java.base/java.util.ArrayList.forEach(ArrayList.java:1511)
... Removed 29 stack frames]]>
    </failure>
  </testcase> <!-- liveUserDashboard -->
  <testcase classname="com.frontierX.TestScripts.TestHomePageActions" name="testHomePageActions" time="21.632"/>
  <testcase classname="com.frontierX.TestScripts.TrainingLoad" name="trainingLoad" time="20.968"/>
  <testcase classname="com.frontierX.TestScripts.UserType" name="testHomePageActions" time="15.139"/>
  <testcase classname="com.frontierX.TestScripts.ValidInvalidLoginCreds" name="loginCredentials" time="16.016"/>
</testsuite> <!-- Smoke Tests - Premium user Prespective -->
