<?xml version="1.0" encoding="UTF-8"?>
<!-- Generated by org.testng.reporters.JUnitXMLReporter -->
<testsuite ignored="0" hostname="DESKTOP-LBTBNFA" failures="0" tests="4" name="Smoke Tests - Admin Prespective" time="113.361" errors="0" timestamp="2022-06-09T10:22:56 IST">
  <testcase classname="com.frontierX.TestScripts.FxAdminWorkFlows" name="VerifyAdminSearch" time="10.791"/>
  <testcase classname="com.frontierX.TestScripts.FxAdminWorkFlows" name="VerifyLoggedInUser_AdminUser" time="4.031"/>
  <testcase classname="com.frontierX.TestScripts.FxAdminWorkFlows" name="VerifyUserLevelChangesAreSaved" time="43.342"/>
  <testcase classname="com.frontierX.TestScripts.FxAdminWorkFlows" name="VerifyUserNameDisplayedOnDashboard" time="17.147"/>
</testsuite> <!-- Smoke Tests - Admin Prespective -->
